Building DAG of jobs...
Using shell: /bin/bash
Provided cores: 1
Rules claiming more threads will be scaled down.
Job counts:
	count	jobs
	1	all
	2	bam_stats
	2	index_bam
	1	joint_freebayes_calling
	2	mapping_and_processing
	8

[Sun Feb  3 06:51:37 2019]
rule mapping_and_processing:
    input: reference/human_g1k_v37_MT.fasta, reference/human_g1k_v37_MT.fasta.amb, fastq/ind2_1.fastq.gz, fastq/ind2_2.fastq.gz
    output: bam/ind2.rmdup.sorted.bam
    jobid: 5
    wildcards: sample=ind2

[Sun Feb  3 06:51:39 2019]
Finished job 5.
1 of 8 steps (12%) done

[Sun Feb  3 06:51:39 2019]
rule mapping_and_processing:
    input: reference/human_g1k_v37_MT.fasta, reference/human_g1k_v37_MT.fasta.amb, fastq/ind1_1.fastq.gz, fastq/ind1_2.fastq.gz
    output: bam/ind1.rmdup.sorted.bam
    jobid: 4
    wildcards: sample=ind1

[Sun Feb  3 06:51:40 2019]
Finished job 4.
2 of 8 steps (25%) done

[Sun Feb  3 06:51:40 2019]
rule index_bam:
    input: bam/ind1.rmdup.sorted.bam
    output: bam/ind1.rmdup.sorted.bam.bai
    jobid: 6
    wildcards: sample=ind1

[Sun Feb  3 06:51:40 2019]
Finished job 6.
3 of 8 steps (38%) done

[Sun Feb  3 06:51:40 2019]
rule bam_stats:
    input: bam/ind1.rmdup.sorted.bam
    output: stats/ind1.rmdup.sorted.bam.stats
    jobid: 2
    wildcards: sample=ind1

[Sun Feb  3 06:51:41 2019]
Finished job 2.
4 of 8 steps (50%) done

[Sun Feb  3 06:51:41 2019]
rule bam_stats:
    input: bam/ind2.rmdup.sorted.bam
    output: stats/ind2.rmdup.sorted.bam.stats
    jobid: 3
    wildcards: sample=ind2

[Sun Feb  3 06:51:41 2019]
Finished job 3.
5 of 8 steps (62%) done

[Sun Feb  3 06:51:41 2019]
rule index_bam:
    input: bam/ind2.rmdup.sorted.bam
    output: bam/ind2.rmdup.sorted.bam.bai
    jobid: 7
    wildcards: sample=ind2

[Sun Feb  3 06:51:41 2019]
Finished job 7.
6 of 8 steps (75%) done

[Sun Feb  3 06:51:41 2019]
rule joint_freebayes_calling:
    input: bam/ind1.rmdup.sorted.bam, bam/ind2.rmdup.sorted.bam, bam/ind1.rmdup.sorted.bam.bai, bam/ind2.rmdup.sorted.bam.bai, reference/human_g1k_v37_MT.fasta
    output: vcf/joint.raw.vcf
    jobid: 1

[Sun Feb  3 06:51:58 2019]
Finished job 1.
7 of 8 steps (88%) done

[Sun Feb  3 06:51:58 2019]
localrule all:
    input: vcf/joint.raw.vcf, stats/ind1.rmdup.sorted.bam.stats, stats/ind2.rmdup.sorted.bam.stats
    jobid: 0

[Sun Feb  3 06:51:58 2019]
Finished job 0.
8 of 8 steps (100%) done
Complete log: /home/bioinfo/Desktop/quality_control_data/Data/PIPELINES/.snakemake/log/2019-02-03T065137.768257.snakemake.log
